<?xml version="1.0" encoding="UTF-8"?>
<!-- Generated by org.testng.reporters.JUnitReportReporter -->
<testsuite skipped="0" hostname="TCGBNENLT0019" name="org.Final.TestCases.E2E_IMDB_TC_001_Not_Authorized" tests="1" failures="0" timestamp="2021-06-27T17:45:12 IST" time="19.156" errors="0">
  <testcase name="unathorizedUser" time="19.156" classname="org.Final.TestCases.E2E_IMDB_TC_001_Not_Authorized"/>
  <system-out/>
</testsuite> <!-- org.Final.TestCases.E2E_IMDB_TC_001_Not_Authorized -->
