<?xml version="1.0" encoding="UTF-8"?>
<!-- Generated by org.testng.reporters.JUnitReportReporter -->
<testsuite skipped="0" hostname="TCGBNENLT0019" name="org.Final.TestCases.E2E_IMDB_TC_01_Not_Authorized" tests="1" failures="0" timestamp="2021-06-24T21:29:13 IST" time="19.202" errors="0">
  <testcase name="unathorizedUser" time="19.202" classname="org.Final.TestCases.E2E_IMDB_TC_01_Not_Authorized"/>
  <system-out/>
</testsuite> <!-- org.Final.TestCases.E2E_IMDB_TC_01_Not_Authorized -->
