<?xml version="1.0" encoding="UTF-8"?>
<!-- Generated by org.testng.reporters.JUnitReportReporter -->
<testsuite skipped="0" hostname="TCGBNENLT0019" name="org.account.creation.E2E_IMDB_01_Unauthorized_User" tests="1" failures="0" timestamp="2021-06-24T20:29:16 IST" time="19.472" errors="0">
  <testcase name="TC_001" time="19.472" classname="org.account.creation.E2E_IMDB_01_Unauthorized_User"/>
  <system-out/>
</testsuite> <!-- org.account.creation.E2E_IMDB_01_Unauthorized_User -->
