<?xml version="1.0" encoding="UTF-8"?>
<!-- Generated by org.testng.reporters.JUnitReportReporter -->
<testsuite skipped="0" hostname="TCGBNENLT0019" name="org.Final.TestCases.E2E_IMDB_TC_004_Authorized_User" tests="1" failures="0" timestamp="2021-06-27T17:45:12 IST" time="15.755" errors="0">
  <testcase name="athorizedUser" time="15.755" classname="org.Final.TestCases.E2E_IMDB_TC_004_Authorized_User"/>
  <system-out/>
</testsuite> <!-- org.Final.TestCases.E2E_IMDB_TC_004_Authorized_User -->
