<?xml version="1.0" encoding="UTF-8"?>
<!-- Generated by org.testng.reporters.JUnitReportReporter -->
<testsuite skipped="0" hostname="TCGBNENLT0019" name="org.Final.TestCases.E2E_IMDB_TC_010_Authorized_User_Last_Print_Release_Date" tests="1" failures="0" timestamp="2021-06-27T17:45:12 IST" time="46.371" errors="0">
  <testcase name="athorizedUser_Print_ReleaseDate" time="46.371" classname="org.Final.TestCases.E2E_IMDB_TC_010_Authorized_User_Last_Print_Release_Date"/>
  <system-out/>
</testsuite> <!-- org.Final.TestCases.E2E_IMDB_TC_010_Authorized_User_Last_Print_Release_Date -->
