<?xml version="1.0" encoding="UTF-8"?>
<!-- Generated by org.testng.reporters.JUnitReportReporter -->
<testsuite skipped="0" hostname="TCGBNENLT0019" name="org.Final.TestCases.E2E_IMDB_TC_005_Authorized_User_with_Invalid_Username_Password" tests="1" failures="0" timestamp="2021-06-27T17:45:12 IST" time="19.799" errors="0">
  <testcase name="athorizedUserwithInvalidPassword" time="19.799" classname="org.Final.TestCases.E2E_IMDB_TC_005_Authorized_User_with_Invalid_Username_Password"/>
  <system-out/>
</testsuite> <!-- org.Final.TestCases.E2E_IMDB_TC_005_Authorized_User_with_Invalid_Username_Password -->
