<?xml version="1.0" encoding="UTF-8"?>
<!-- Generated by org.testng.reporters.JUnitReportReporter -->
<testsuite skipped="0" hostname="TCGBNENLT0019" name="org.Final.TestCases.E2E_IMDB_TC_003_Check_for_OTP" tests="1" failures="0" timestamp="2021-06-27T17:45:12 IST" time="20.299" errors="0">
  <testcase name="checkOTPEmail" time="20.299" classname="org.Final.TestCases.E2E_IMDB_TC_003_Check_for_OTP"/>
  <system-out/>
</testsuite> <!-- org.Final.TestCases.E2E_IMDB_TC_003_Check_for_OTP -->
