<?xml version="1.0" encoding="UTF-8"?>
<!-- Generated by org.testng.reporters.JUnitReportReporter -->
<testsuite skipped="0" hostname="TCGBNENLT0019" name="org.Final.TestCases.E2E_IMDB_TC_005_Authorized_User_with_Invalid_Password" tests="1" failures="0" timestamp="2021-06-24T22:42:27 IST" time="17.174" errors="0">
  <testcase name="athorizedUser" time="17.174" classname="org.Final.TestCases.E2E_IMDB_TC_005_Authorized_User_with_Invalid_Password"/>
  <system-out/>
</testsuite> <!-- org.Final.TestCases.E2E_IMDB_TC_005_Authorized_User_with_Invalid_Password -->
