<?xml version="1.0" encoding="UTF-8"?>
<!-- Generated by org.testng.reporters.JUnitReportReporter -->
<testsuite skipped="0" hostname="TCGBNENLT0019" name="org.Final.TestCases.E2E_IMDB_TC_009_Authorized_User_Last_Movie_from_Sorted_List" tests="1" failures="0" timestamp="2021-06-27T17:45:12 IST" time="42.747" errors="0">
  <testcase name="athorizedUser_SortedList_lastElement" time="42.747" classname="org.Final.TestCases.E2E_IMDB_TC_009_Authorized_User_Last_Movie_from_Sorted_List"/>
  <system-out/>
</testsuite> <!-- org.Final.TestCases.E2E_IMDB_TC_009_Authorized_User_Last_Movie_from_Sorted_List -->
