<?xml version="1.0" encoding="UTF-8"?>
<!-- Generated by org.testng.reporters.JUnitReportReporter -->
<testsuite skipped="0" hostname="TCGBNENLT0019" name="org.Final.TestCases.E2E_IMDB_TC_008_Authorized_User_Sort_Movies_by_Release_Dropdown" tests="1" failures="0" timestamp="2021-06-27T17:45:12 IST" time="44.143" errors="0">
  <testcase name="athorizedUser_Release_Dropdown" time="44.143" classname="org.Final.TestCases.E2E_IMDB_TC_008_Authorized_User_Sort_Movies_by_Release_Dropdown"/>
  <system-out/>
</testsuite> <!-- org.Final.TestCases.E2E_IMDB_TC_008_Authorized_User_Sort_Movies_by_Release_Dropdown -->
