<?xml version="1.0" encoding="UTF-8"?>
<!-- Generated by org.testng.reporters.JUnitReportReporter -->
<testsuite skipped="0" hostname="TCGBNENLT0019" name="org.Final.TestCases.E2E_IMDB_TC_002_New_Account_Creation" tests="1" failures="0" timestamp="2021-06-27T17:45:12 IST" time="18.620" errors="0">
  <testcase name="newAccountCreation" time="18.620" classname="org.Final.TestCases.E2E_IMDB_TC_002_New_Account_Creation"/>
  <system-out/>
</testsuite> <!-- org.Final.TestCases.E2E_IMDB_TC_002_New_Account_Creation -->
