<?xml version="1.0" encoding="UTF-8"?>
<!-- Generated by org.testng.reporters.JUnitReportReporter -->
<testsuite skipped="0" hostname="TCGBNENLT0019" name="org.Final.TestCases.E2E_IMDB_TC_007_Authorized_User_Navigate_to_Top_Rated_Movies" tests="1" failures="0" timestamp="2021-06-27T17:45:12 IST" time="26.341" errors="0">
  <testcase name="athorizedUser_TopRatedMovies" time="26.341" classname="org.Final.TestCases.E2E_IMDB_TC_007_Authorized_User_Navigate_to_Top_Rated_Movies"/>
  <system-out/>
</testsuite> <!-- org.Final.TestCases.E2E_IMDB_TC_007_Authorized_User_Navigate_to_Top_Rated_Movies -->
